9.869332313537597656e-01 1.306675653904676437e-02
9.876950979232788086e-01 1.230495888739824295e-02
9.843123555183410645e-01 1.568764820694923401e-02
9.900071620941162109e-01 9.992773644626140594e-03
9.852838516235351562e-01 1.471617072820663452e-02
9.833404421806335449e-01 1.665957085788249969e-02
9.922546148300170898e-01 7.745331153273582458e-03
9.886582493782043457e-01 1.134174782782793045e-02
9.864180088043212891e-01 1.358206104487180710e-02
9.933911561965942383e-01 6.608894094824790955e-03
9.897621273994445801e-01 1.023788470774888992e-02
9.867507815361022949e-01 1.324919704347848892e-02
9.933266639709472656e-01 6.673361174762248993e-03
9.900143146514892578e-01 9.985681623220443726e-03
9.881138205528259277e-01 1.188623625785112381e-02
9.927270412445068359e-01 7.272940594702959061e-03
9.896570444107055664e-01 1.034298073500394821e-02
9.885313510894775391e-01 1.146861352026462555e-02
9.922573566436767578e-01 7.742693647742271423e-03
9.902496933937072754e-01 9.750278666615486145e-03
9.899935126304626465e-01 1.000647339969873428e-02
9.928142428398132324e-01 7.185789290815591812e-03
9.913790225982666016e-01 8.620945736765861511e-03
9.911593794822692871e-01 8.840680122375488281e-03
9.932946562767028809e-01 6.705333478748798370e-03
9.921262264251708984e-01 7.873782888054847717e-03
9.917500615119934082e-01 8.249885402619838715e-03
9.918795228004455566e-01 8.120455779135227203e-03
9.914410114288330078e-01 8.558986708521842957e-03
9.914010167121887207e-01 8.598987013101577759e-03
9.909173846244812012e-01 9.082612581551074982e-03
9.908724427223205566e-01 9.127629920840263367e-03
9.908670186996459961e-01 9.133004583418369293e-03
9.918453097343444824e-01 8.154752664268016815e-03
9.911010861396789551e-01 8.898913860321044922e-03
9.906268119812011719e-01 9.373248554766178131e-03
9.914057254791259766e-01 8.594227954745292664e-03
9.906747937202453613e-01 9.325175546109676361e-03
9.905031919479370117e-01 9.496849030256271362e-03
9.917986392974853516e-01 8.201365359127521515e-03
9.899944663047790527e-01 1.000559050589799881e-02
9.892760515213012695e-01 1.072393637150526047e-02
9.928442835807800293e-01 7.155646570026874542e-03
9.898267984390258789e-01 1.017319131642580032e-02
9.885140061378479004e-01 1.148598361760377884e-02
9.933566451072692871e-01 6.643377710133790970e-03
9.885927438735961914e-01 1.140720769762992859e-02
9.872095584869384766e-01 1.279043499380350113e-02
9.926226139068603516e-01 7.377445232123136520e-03
9.876927733421325684e-01 1.230727694928646088e-02
9.864434003829956055e-01 1.355661358684301376e-02
9.915477633476257324e-01 8.452298119664192200e-03
9.877802133560180664e-01 1.221982855349779129e-02
9.866619706153869629e-01 1.333796791732311249e-02
9.882516264915466309e-01 1.174830924719572067e-02
9.882344007492065430e-01 1.176564488559961319e-02
9.858432412147521973e-01 1.415675878524780273e-02
9.902295470237731934e-01 9.770469740033149719e-03
9.914979338645935059e-01 8.502053096890449524e-03
9.913034439086914062e-01 8.696528151631355286e-03
9.924566745758056641e-01 7.543389219790697098e-03
9.905818700790405273e-01 9.418068453669548035e-03
9.871078133583068848e-01 1.289219502359628677e-02
9.949059486389160156e-01 5.094106774777173996e-03
9.861468672752380371e-01 1.385315693914890289e-02
9.839568734169006348e-01 1.604315824806690216e-02
9.958421587944030762e-01 4.157795105129480362e-03
9.905569553375244141e-01 9.443040005862712860e-03
9.880394339561462402e-01 1.196050550788640976e-02
9.964702129364013672e-01 3.529774257913231850e-03
9.919847846031188965e-01 8.015246130526065826e-03
9.895665645599365234e-01 1.043343171477317810e-02
9.952900409698486328e-01 4.709907807409763336e-03
9.907515048980712891e-01 9.248413145542144775e-03
9.896562099456787109e-01 1.034384965896606445e-02
9.944607019424438477e-01 5.539321340620517731e-03
9.890523552894592285e-01 1.094761304557323456e-02
9.887775778770446777e-01 1.122240535914897919e-02
9.947485327720642090e-01 5.251485388725996017e-03
9.905238747596740723e-01 9.476116858422756195e-03
9.905959367752075195e-01 9.404128417372703552e-03
9.952267408370971680e-01 4.773241933435201645e-03
9.911224842071533203e-01 8.877567946910858154e-03
9.915071129798889160e-01 8.492889814078807831e-03
9.946879148483276367e-01 5.312091670930385590e-03
9.899420738220214844e-01 1.005793735384941101e-02
9.912089109420776367e-01 8.791092783212661743e-03
9.938380122184753418e-01 6.162011995911598206e-03
9.877470731735229492e-01 1.225293893367052078e-02
9.909051656723022461e-01 9.094807319343090057e-03
9.933506846427917480e-01 6.649378687143325806e-03
9.875690340995788574e-01 1.243094261735677719e-02
9.903475046157836914e-01 9.652426466345787048e-03
9.934292435646057129e-01 6.570726167410612106e-03
9.887782931327819824e-01 1.122175063937902451e-02
9.904745221138000488e-01 9.525522589683532715e-03
9.939427971839904785e-01 6.057180464267730713e-03
9.886645078659057617e-01 1.133546698838472366e-02
9.910156726837158203e-01 8.984286338090896606e-03
9.950691461563110352e-01 4.930827766656875610e-03
9.890742897987365723e-01 1.092569157481193542e-02
9.911273121833801270e-01 8.872697129845619202e-03
9.958252906799316406e-01 4.174696281552314758e-03
9.910275340080261230e-01 8.972470648586750031e-03
9.909392595291137695e-01 9.060793556272983551e-03
9.964535236358642578e-01 3.546439111232757568e-03
9.920042157173156738e-01 7.995744235813617706e-03
9.899539947509765625e-01 1.004598848521709442e-02
9.968276619911193848e-01 3.172290744259953499e-03
9.927605390548706055e-01 7.239450234919786453e-03
9.892376661300659180e-01 1.076231896877288818e-02
9.964292645454406738e-01 3.570809494704008102e-03
9.908556938171386719e-01 9.144268929958343506e-03
9.881465435028076172e-01 1.185342762619256973e-02
9.937561750411987305e-01 6.243821233510971069e-03
9.886040687561035156e-01 1.139592099934816360e-02
9.898034334182739258e-01 1.019650511443614960e-02
9.902078509330749512e-01 9.792204014956951141e-03
9.880862236022949219e-01 1.191380992531776428e-02
9.884026646614074707e-01 1.159728504717350006e-02
9.919654130935668945e-01 8.034635335206985474e-03
9.903815388679504395e-01 9.618459269404411316e-03
9.846349358558654785e-01 1.536511909216642380e-02
9.934219717979431152e-01 6.578058004379272461e-03
9.868342280387878418e-01 1.316576544195413589e-02
9.828805327415466309e-01 1.711947098374366760e-02
9.955810904502868652e-01 4.418955184519290924e-03
9.920091629028320312e-01 7.990783080458641052e-03
9.877672195434570312e-01 1.223274506628513336e-02
9.962515234947204590e-01 3.748451592400670052e-03
9.933266639709472656e-01 6.673367694020271301e-03
9.904519319534301758e-01 9.548055939376354218e-03
9.954941272735595703e-01 4.505876451730728149e-03
9.917055368423461914e-01 8.294477127492427826e-03
9.912646412849426270e-01 8.735332638025283813e-03
9.957756400108337402e-01 4.224425181746482849e-03
9.924808740615844727e-01 7.519191596657037735e-03
9.925220608711242676e-01 7.477947510778903961e-03
9.961020946502685547e-01 3.897943068295717239e-03
9.936902523040771484e-01 6.309779826551675797e-03
9.929545521736145020e-01 7.045440841466188431e-03
9.958078861236572266e-01 4.192149266600608826e-03
9.934640526771545410e-01 6.535913329571485519e-03
9.923812747001647949e-01 7.618656847625970840e-03
9.954168796539306641e-01 4.583091475069522858e-03
9.926607608795166016e-01 7.339212577790021896e-03
9.916519522666931152e-01 8.348037488758563995e-03
9.954883456230163574e-01 4.511651117354631424e-03
9.921295046806335449e-01 7.870524190366268158e-03
9.900104403495788574e-01 9.989509359002113342e-03
9.949272871017456055e-01 5.072672385722398758e-03
9.926060438156127930e-01 7.393930573016405106e-03
9.906690120697021484e-01 9.330993518233299255e-03
9.947801828384399414e-01 5.219873506575822830e-03
9.931660294532775879e-01 6.834032945334911346e-03
9.914647936820983887e-01 8.535271510481834412e-03
9.960533380508422852e-01 3.946632146835327148e-03
9.935629367828369141e-01 6.437081377953290939e-03
9.914920926094055176e-01 8.507939986884593964e-03
9.971078038215637207e-01 2.892211778089404106e-03
9.934515953063964844e-01 6.548387929797172546e-03
9.909265041351318359e-01 9.073483757674694061e-03
9.978479146957397461e-01 2.152097877115011215e-03
9.934574961662292480e-01 6.542521528899669647e-03
9.878950119018554688e-01 1.210496947169303894e-02
9.980412721633911133e-01 1.958681037649512291e-03
9.942903518676757812e-01 5.709587596356868744e-03
9.881286025047302246e-01 1.187140867114067078e-02
9.973390698432922363e-01 2.660978818312287331e-03
9.944034814834594727e-01 5.596459377557039261e-03
9.895317554473876953e-01 1.046819146722555161e-02
9.965255856513977051e-01 3.474447876214981079e-03
9.908936023712158203e-01 9.106427431106567383e-03
9.853107929229736328e-01 1.468922290951013565e-02
9.930917024612426758e-01 6.908295210450887680e-03
9.878437519073486328e-01 1.215626019984483719e-02
9.843861460685729980e-01 1.561380643397569656e-02
9.901872277259826660e-01 9.812716394662857056e-03
9.873148202896118164e-01 1.268520951271057129e-02
9.840095043182373047e-01 1.599049754440784454e-02
9.924017190933227539e-01 7.598253898322582245e-03
9.916642904281616211e-01 8.335703052580356598e-03
9.874947667121887207e-01 1.250527054071426392e-02
9.933162331581115723e-01 6.683841813355684280e-03
9.901095628738403320e-01 9.890463203191757202e-03
9.869072437286376953e-01 1.309278141707181931e-02
9.942024350166320801e-01 5.797516554594039917e-03
9.924768805503845215e-01 7.523120846599340439e-03
9.903263449668884277e-01 9.673586115241050720e-03
9.946004152297973633e-01 5.399612244218587875e-03
9.931010007858276367e-01 6.899027153849601746e-03
9.918421506881713867e-01 8.157916367053985596e-03
9.955871105194091797e-01 4.412896465510129929e-03
9.930883049964904785e-01 6.911645643413066864e-03
9.931654334068298340e-01 6.834566127508878708e-03
9.961191415786743164e-01 3.880845149978995323e-03
9.953049421310424805e-01 4.695138428360223770e-03
9.948888421058654785e-01 5.111129023134708405e-03
9.956804513931274414e-01 4.319506697356700897e-03
9.947375655174255371e-01 5.262454506009817123e-03
9.946646690368652344e-01 5.335329100489616394e-03
9.953350424766540527e-01 4.664963576942682266e-03
9.937200546264648438e-01 6.280000321567058563e-03
9.940304160118103027e-01 5.969559773802757263e-03
9.952647686004638672e-01 4.735234193503856659e-03
9.940053820610046387e-01 5.994699429720640182e-03
9.935826659202575684e-01 6.417340133339166641e-03
9.949510097503662109e-01 5.048955325037240982e-03
9.939050078392028809e-01 6.094993557780981064e-03
9.917600750923156738e-01 8.239975199103355408e-03
9.944156408309936523e-01 5.584302823990583420e-03
9.942421317100524902e-01 5.757835227996110916e-03
9.923187494277954102e-01 7.681295741349458694e-03
9.949234127998352051e-01 5.076659377664327621e-03
9.948675632476806641e-01 5.132406484335660934e-03
9.942187070846557617e-01 5.781279876828193665e-03
9.957149624824523926e-01 4.285010509192943573e-03
9.970712661743164062e-01 2.928708214312791824e-03
9.974468946456909180e-01 2.553126309067010880e-03
9.973426461219787598e-01 2.657307311892509460e-03
9.980561733245849609e-01 1.943879760801792145e-03
9.977629184722900391e-01 2.237091772258281708e-03
9.986097812652587891e-01 1.390171237289905548e-03
9.976792931556701660e-01 2.320768777281045914e-03
9.958524703979492188e-01 4.147519357502460480e-03
9.983057975769042969e-01 1.694198232144117355e-03
9.970279335975646973e-01 2.972082002088427544e-03
9.954097867012023926e-01 4.590219352394342422e-03
9.976319074630737305e-01 2.368022222071886063e-03
9.956716299057006836e-01 4.328379407525062561e-03
9.935988187789916992e-01 6.401224993169307709e-03
9.964816570281982422e-01 3.518297336995601654e-03
9.924691319465637207e-01 7.530897390097379684e-03
9.893544912338256836e-01 1.064557861536741257e-02
9.922073483467102051e-01 7.792619522660970688e-03
9.882787466049194336e-01 1.172118447721004486e-02
9.847299456596374512e-01 1.527008228003978729e-02
9.912657141685485840e-01 8.734280243515968323e-03
9.891993403434753418e-01 1.080071646720170975e-02
9.853224754333496094e-01 1.467753667384386063e-02
9.919846653938293457e-01 8.015352301299571991e-03
9.896049499511718750e-01 1.039508637040853500e-02
9.867995381355285645e-01 1.320050470530986786e-02
9.937481880187988281e-01 6.251784972846508026e-03
9.899497032165527344e-01 1.005030050873756409e-02
9.907444119453430176e-01 9.255596436560153961e-03
9.936623573303222656e-01 6.337663158774375916e-03
9.912236928939819336e-01 8.776367641985416412e-03
9.912637472152709961e-01 8.736320771276950836e-03
9.947409629821777344e-01 5.259043537080287933e-03
9.927616715431213379e-01 7.238360587507486343e-03
9.932752847671508789e-01 6.724673323333263397e-03
9.965671300888061523e-01 3.432825673371553421e-03
9.942529797554016113e-01 5.746973212808370590e-03
9.946492314338684082e-01 5.350769963115453720e-03
9.974352717399597168e-01 2.564744558185338974e-03
9.952019453048706055e-01 4.798009525984525681e-03
9.959049820899963379e-01 4.095074720680713654e-03
9.965931773185729980e-01 3.406810807064175606e-03
9.940558671951293945e-01 5.944159813225269318e-03
9.951832890510559082e-01 4.816663917154073715e-03
9.958912134170532227e-01 4.108793567866086960e-03
9.947044253349304199e-01 5.295563954859972000e-03
9.939509630203247070e-01 6.049113813787698746e-03
9.952942728996276855e-01 4.705714061856269836e-03
9.949516057968139648e-01 5.048383027315139771e-03
9.933264255523681641e-01 6.673515774309635162e-03
9.943363070487976074e-01 5.663709715008735657e-03
9.934129118919372559e-01 6.587112788110971451e-03
9.920203089714050293e-01 7.979724556207656860e-03
9.939860105514526367e-01 6.013933569192886353e-03
9.929807186126708984e-01 7.019289303570985794e-03
9.908069968223571777e-01 9.192967787384986877e-03
9.944023489952087402e-01 5.597685929387807846e-03
9.947986602783203125e-01 5.201318301260471344e-03
9.947329759597778320e-01 5.266977008432149887e-03
9.939080476760864258e-01 6.091871298849582672e-03
9.961882233619689941e-01 3.811737056821584702e-03
9.986699819564819336e-01 1.330013386905193329e-03
9.955826401710510254e-01 4.417401272803544998e-03
9.979332685470581055e-01 2.066743327304720879e-03
9.992623925209045410e-01 7.376282010227441788e-04
9.974863529205322266e-01 2.513582119718194008e-03
9.977610111236572266e-01 2.239002147689461708e-03
9.988827109336853027e-01 1.117320149205625057e-03
9.977318644523620605e-01 2.268218901008367538e-03
9.966762065887451172e-01 3.323773387819528580e-03
9.965027570724487305e-01 3.497196128591895103e-03
9.964157342910766602e-01 3.584244521334767342e-03
9.947515130043029785e-01 5.248474422842264175e-03
9.935631752014160156e-01 6.436864845454692841e-03
9.954189062118530273e-01 4.581108223646879196e-03
9.942007064819335938e-01 5.799334030598402023e-03
9.909296631813049316e-01 9.070294909179210663e-03
9.921214580535888672e-01 7.878604345023632050e-03
9.908932447433471680e-01 9.106772020459175110e-03
9.895044565200805664e-01 1.049552671611309052e-02
9.912980794906616211e-01 8.701993152499198914e-03
9.897986650466918945e-01 1.020128000527620316e-02
9.873235821723937988e-01 1.267638523131608963e-02
9.923380017280578613e-01 7.661972194910049438e-03
9.902067780494689941e-01 9.793166071176528931e-03
9.875780940055847168e-01 1.242187805473804474e-02
9.931157231330871582e-01 6.884325295686721802e-03
9.923362135887145996e-01 7.663741707801818848e-03
9.924454092979431152e-01 7.554652635008096695e-03
9.953723549842834473e-01 4.627648741006851196e-03
9.927619099617004395e-01 7.238069083541631699e-03
9.927575588226318359e-01 7.242380641400814056e-03
9.942765831947326660e-01 5.723440088331699371e-03
9.945299029350280762e-01 5.470112431794404984e-03
9.943853616714477539e-01 5.614688619971275330e-03
9.921481013298034668e-01 7.851965725421905518e-03
9.943284392356872559e-01 5.671545397490262985e-03
9.963269829750061035e-01 3.673006314784288406e-03
9.960546493530273438e-01 3.945335280150175095e-03
9.955115318298339844e-01 4.488450475037097931e-03
9.968112111091613770e-01 3.188723232597112656e-03
9.975228905677795410e-01 2.477129455655813217e-03
9.954629540443420410e-01 4.536995198577642441e-03
9.960289001464843750e-01 3.971177618950605392e-03
9.971327781677246094e-01 2.867146162316203117e-03
9.951157569885253906e-01 4.884202498942613602e-03
9.941861629486083984e-01 5.813871044665575027e-03
9.964530467987060547e-01 3.546980442479252815e-03
9.945795536041259766e-01 5.420484580099582672e-03
9.924748539924621582e-01 7.525107357650995255e-03
9.941179752349853516e-01 5.882086232304573059e-03
9.923372864723205566e-01 7.662686984986066818e-03
9.923375248908996582e-01 7.662487681955099106e-03
9.913547635078430176e-01 8.645256981253623962e-03
9.922775030136108398e-01 7.722497452050447464e-03
9.929862618446350098e-01 7.013757713139057159e-03
9.923862218856811523e-01 7.613766472786664963e-03
9.941762685775756836e-01 5.823702085763216019e-03
9.965040683746337891e-01 3.495980286970734596e-03
9.901173710823059082e-01 9.882621467113494873e-03
9.954941272735595703e-01 4.505881108343601227e-03
9.991708993911743164e-01 8.291712147183716297e-04
9.936663508415222168e-01 6.333655677735805511e-03
9.978113770484924316e-01 2.188607584685087204e-03
9.996190071105957031e-01 3.809358458966016769e-04
9.952448010444641113e-01 4.755161236971616745e-03
9.980278611183166504e-01 1.972129335626959801e-03
9.995840191841125488e-01 4.159983072895556688e-04
9.960728883743286133e-01 3.927094396203756332e-03
9.941819310188293457e-01 5.818048026412725449e-03
9.966456294059753418e-01 3.354294458404183388e-03
9.954407215118408203e-01 4.559311084449291229e-03
9.939709901809692383e-01 6.028980016708374023e-03
9.927092790603637695e-01 7.290646899491548538e-03
9.959501028060913086e-01 4.049923270940780640e-03
9.936989545822143555e-01 6.301043555140495300e-03
9.903076887130737305e-01 9.692371822893619537e-03
9.907095432281494141e-01 9.290506131947040558e-03
9.899805188179016113e-01 1.001945231109857559e-02
9.897969365119934082e-01 1.020313519984483719e-02
9.907067418098449707e-01 9.293337352573871613e-03
9.891006350517272949e-01 1.089939754456281662e-02
9.868415594100952148e-01 1.315847598016262054e-02
9.919689297676086426e-01 8.031071163713932037e-03
9.912146329879760742e-01 8.785297162830829620e-03
9.887043833732604980e-01 1.129563432186841965e-02
9.946774244308471680e-01 5.322555545717477798e-03
9.931076169013977051e-01 6.892424542456865311e-03
9.938519001007080078e-01 6.148112937808036804e-03
9.958834052085876465e-01 4.116527270525693893e-03
9.922205805778503418e-01 7.779354229569435120e-03
9.924301505088806152e-01 7.569869514554738998e-03
9.953444600105285645e-01 4.655565135180950165e-03
9.951972365379333496e-01 4.802762065082788467e-03
9.917213320732116699e-01 8.278677240014076233e-03
9.959031939506530762e-01 4.096797667443752289e-03
9.959671497344970703e-01 4.032884258776903152e-03
9.948847889900207520e-01 5.115226376801729202e-03
9.938667416572570801e-01 6.133218295872211456e-03
9.944465160369873047e-01 5.553473252803087234e-03
9.945784807205200195e-01 5.421520676463842392e-03
9.967303276062011719e-01 3.269715933129191399e-03
9.958490133285522461e-01 4.150953609496355057e-03
9.950143694877624512e-01 4.985677544027566910e-03
9.977660179138183594e-01 2.234043786302208900e-03
9.962435960769653320e-01 3.756409278139472008e-03
9.948384165763854980e-01 5.161571782082319260e-03
9.968256950378417969e-01 3.174286102876067162e-03
9.953997731208801270e-01 4.600252490490674973e-03
9.935644268989562988e-01 6.435513030737638474e-03
9.947922825813293457e-01 5.207650363445281982e-03
9.908040761947631836e-01 9.195957332849502563e-03
9.913648366928100586e-01 8.635172620415687561e-03
9.914135932922363281e-01 8.586443960666656494e-03
9.912095069885253906e-01 8.790506049990653992e-03
9.929383397102355957e-01 7.061729207634925842e-03
9.923801422119140625e-01 7.619937881827354431e-03
9.946219921112060547e-01 5.377959925681352615e-03
9.966645836830139160e-01 3.335457993671298027e-03
9.893557429313659668e-01 1.064426265656948090e-02
9.944351911544799805e-01 5.564832594245672226e-03
9.985324144363403320e-01 1.467604772187769413e-03
9.919351339340209961e-01 8.064828813076019287e-03
9.954421520233154297e-01 4.557824227958917618e-03
9.992177486419677734e-01 7.822183542884886265e-04
9.906132221221923828e-01 9.386730380356311798e-03
9.978895783424377441e-01 2.110486151650547981e-03
9.995955824851989746e-01 4.043752851430326700e-04
9.956200718879699707e-01 4.379867576062679291e-03
9.954293966293334961e-01 4.570575896650552750e-03
9.981807470321655273e-01 1.819299766793847084e-03
9.976213574409484863e-01 2.378611359745264053e-03
9.952364563941955566e-01 4.763613920658826828e-03
9.928907155990600586e-01 7.109308615326881409e-03
9.960402250289916992e-01 3.959781490266323090e-03
9.928478002548217773e-01 7.152175530791282654e-03
9.906564950942993164e-01 9.343430399894714355e-03
9.892037510871887207e-01 1.079624332487583160e-02
9.864333868026733398e-01 1.356664765626192093e-02
9.877810478210449219e-01 1.221900060772895813e-02
9.891429543495178223e-01 1.085698138922452927e-02
9.879661202430725098e-01 1.203389931470155716e-02
9.868663549423217773e-01 1.313363201916217804e-02
9.927620291709899902e-01 7.237893994897603989e-03
9.908629655838012695e-01 9.137000888586044312e-03
9.891334176063537598e-01 1.086661778390407562e-02
9.951139688491821289e-01 4.886055365204811096e-03
9.932390451431274414e-01 6.760904099792242050e-03
9.927647709846496582e-01 7.235236465930938721e-03
9.951947331428527832e-01 4.805295262485742569e-03
9.932104945182800293e-01 6.789513863623142242e-03
9.924140572547912598e-01 7.585981395095586777e-03
9.960989952087402344e-01 3.900993149727582932e-03
9.936658740043640137e-01 6.334051489830017090e-03
9.920240640640258789e-01 7.975946180522441864e-03
9.967719912528991699e-01 3.227932145819067955e-03
9.940221905708312988e-01 5.977756809443235397e-03
9.931782484054565430e-01 6.821689661592245102e-03
9.959111213684082031e-01 4.088945686817169189e-03
9.938670992851257324e-01 6.132898852229118347e-03
9.935973882675170898e-01 6.402598693966865540e-03
9.976180195808410645e-01 2.381923142820596695e-03
9.960599541664123535e-01 3.939977847039699554e-03
9.947562217712402344e-01 5.243831314146518707e-03
9.982940554618835449e-01 1.705970149487257004e-03
9.968565702438354492e-01 3.143352689221501350e-03
9.948411583900451660e-01 5.158879328519105911e-03
9.973114728927612305e-01 2.688579959794878960e-03
9.961515069007873535e-01 3.848515218123793602e-03
9.932037591934204102e-01 6.796279922127723694e-03
9.965071082115173340e-01 3.492888528853654861e-03
9.938429594039916992e-01 6.157090887427330017e-03
9.922350049018859863e-01 7.764939684420824051e-03
9.955828785896301270e-01 4.417126532644033432e-03
9.917997121810913086e-01 8.200373500585556030e-03
9.928300976753234863e-01 7.169940508902072906e-03
9.939011335372924805e-01 6.098836660385131836e-03
9.923931360244750977e-01 7.606837432831525803e-03
9.939066767692565918e-01 6.093382369726896286e-03
9.910249710083007812e-01 8.975015021860599518e-03
9.915407299995422363e-01 8.459314703941345215e-03
9.962801337242126465e-01 3.719819011166691780e-03
9.916099905967712402e-01 8.390056900680065155e-03
9.963454604148864746e-01 3.654529806226491928e-03
9.991635084152221680e-01 8.365159155800938606e-04
9.928633570671081543e-01 7.136650849133729935e-03
9.982761144638061523e-01 1.723894383758306503e-03
9.994882345199584961e-01 5.117927794344723225e-04
9.977852106094360352e-01 2.214809646829962730e-03
9.978797435760498047e-01 2.120249439030885696e-03
9.982062578201293945e-01 1.793698873370885849e-03
9.973707199096679688e-01 2.629307098686695099e-03
9.967482089996337891e-01 3.251794259995222092e-03
9.930787682533264160e-01 6.921242456883192062e-03
9.960439205169677734e-01 3.956064581871032715e-03
9.938884973526000977e-01 6.111475173383951187e-03
9.912579655647277832e-01 8.742044679820537567e-03
9.905785918235778809e-01 9.421405382454395294e-03
9.883367419242858887e-01 1.166323013603687286e-02
9.897712469100952148e-01 1.022880990058183670e-02
9.909578561782836914e-01 9.042094461619853973e-03
9.882312417030334473e-01 1.176872197538614273e-02
9.873510003089904785e-01 1.264897361397743225e-02
9.922769069671630859e-01 7.723012007772922516e-03
9.896162748336791992e-01 1.038371771574020386e-02
9.878847002983093262e-01 1.211525965481996536e-02
9.934745430946350098e-01 6.525420118123292923e-03
9.916554689407348633e-01 8.344469591975212097e-03
9.905355572700500488e-01 9.464397095143795013e-03
9.948942661285400391e-01 5.105722229927778244e-03
9.935634136199951172e-01 6.436553318053483963e-03
9.912762641906738281e-01 8.723701350390911102e-03
9.961326122283935547e-01 3.867362393066287041e-03
9.920631051063537598e-01 7.936878129839897156e-03
9.897951483726501465e-01 1.020483952015638351e-02
9.973471164703369141e-01 2.652884228155016899e-03
9.917973279953002930e-01 8.202625438570976257e-03
9.899572730064392090e-01 1.004269253462553024e-02
9.975435137748718262e-01 2.456506481394171715e-03
9.929369091987609863e-01 7.063102908432483673e-03
9.912725090980529785e-01 8.727457374334335327e-03
9.978561997413635254e-01 2.143762307241559029e-03
9.954719543457031250e-01 4.528027959167957306e-03
9.933475852012634277e-01 6.652373820543289185e-03
9.978754520416259766e-01 2.124600345268845558e-03
9.962956309318542480e-01 3.704372793436050415e-03
9.937639832496643066e-01 6.236095447093248367e-03
9.973384737968444824e-01 2.661528997123241425e-03
9.964930415153503418e-01 3.507001325488090515e-03
9.944245815277099609e-01 5.575394723564386368e-03
9.972587823867797852e-01 2.741203876212239265e-03
9.957355260848999023e-01 4.264419898390769958e-03
9.936698079109191895e-01 6.330260075628757477e-03
9.973630309104919434e-01 2.636970952153205872e-03
9.952686429023742676e-01 4.731367807835340500e-03
9.941178560256958008e-01 5.882091354578733444e-03
9.973135590553283691e-01 2.686471212655305862e-03
9.951598048210144043e-01 4.840183537453413010e-03
9.942848086357116699e-01 5.715218372642993927e-03
9.966769218444824219e-01 3.323084674775600433e-03
9.938890933990478516e-01 6.110898684710264206e-03
9.936422109603881836e-01 6.357739213854074478e-03
9.963685274124145508e-01 3.631441155448555946e-03
9.958851933479309082e-01 4.114803392440080643e-03
9.972519278526306152e-01 2.748079365119338036e-03
9.968041181564331055e-01 3.195859491825103760e-03
9.974390268325805664e-01 2.560894936323165894e-03
9.977023005485534668e-01 2.297721803188323975e-03
9.982125759124755859e-01 1.787417568266391754e-03
9.974889755249023438e-01 2.511003520339727402e-03
9.944120049476623535e-01 5.587961059063673019e-03
9.973143935203552246e-01 2.685582963749766350e-03
9.950274825096130371e-01 4.972490016371011734e-03
9.895997047424316406e-01 1.040030736476182938e-02
9.941282272338867188e-01 5.871736910194158554e-03
9.921185970306396484e-01 7.881418801844120026e-03
9.901698231697082520e-01 9.830124676227569580e-03
9.906291365623474121e-01 9.370844811201095581e-03
9.871639013290405273e-01 1.283610612154006958e-02
9.899500608444213867e-01 1.004998758435249329e-02
9.901590943336486816e-01 9.840851649641990662e-03
9.874767661094665527e-01 1.252329722046852112e-02
9.881812334060668945e-01 1.181885041296482086e-02
9.912876486778259277e-01 8.712377399206161499e-03
9.902807474136352539e-01 9.719283320009708405e-03
9.873678088188171387e-01 1.263213064521551132e-02
9.927976727485656738e-01 7.202327251434326172e-03
9.900147914886474609e-01 9.985224343836307526e-03
9.857712984085083008e-01 1.422871835529804230e-02
9.936820268630981445e-01 6.318022496998310089e-03
9.919615387916564941e-01 8.038491010665893555e-03
9.877310395240783691e-01 1.226895861327648163e-02
9.951026439666748047e-01 4.897372797131538391e-03
9.936766028404235840e-01 6.323421839624643326e-03
9.894247055053710938e-01 1.057524699717760086e-02
9.969792366027832031e-01 3.020807402208447456e-03
9.932544827461242676e-01 6.745558697730302811e-03
9.895924329757690430e-01 1.040759682655334473e-02
9.977439641952514648e-01 2.256014384329319000e-03
9.927870631217956543e-01 7.212945725768804550e-03
9.892418980598449707e-01 1.075807120651006699e-02
9.976939558982849121e-01 2.306002657860517502e-03
9.949099421501159668e-01 5.090028978884220123e-03
9.908750057220458984e-01 9.124964475631713867e-03
9.973805546760559082e-01 2.619474427774548531e-03
9.957957267761230469e-01 4.204275552183389664e-03
9.943138360977172852e-01 5.686170887202024460e-03
9.973547458648681641e-01 2.645253436639904976e-03
9.960814118385314941e-01 3.918639384210109711e-03
9.949710369110107422e-01 5.028960295021533966e-03
9.971278309822082520e-01 2.872198820114135742e-03
9.954949617385864258e-01 4.504980519413948059e-03
9.945620894432067871e-01 5.437892396003007889e-03
9.973645806312561035e-01 2.635446377098560333e-03
9.953166246414184570e-01 4.683371167629957199e-03
9.946419000625610352e-01 5.358132533729076385e-03
9.969400167465209961e-01 3.059961600229144096e-03
9.958035349845886230e-01 4.196467343717813492e-03
9.943396449089050293e-01 5.660362076014280319e-03
9.969268441200256348e-01 3.073116298764944077e-03
9.951305389404296875e-01 4.869482479989528656e-03
9.914273023605346680e-01 8.572746999561786652e-03
9.970863461494445801e-01 2.913667121902108192e-03
9.956575632095336914e-01 4.342499654740095139e-03
9.924685359001159668e-01 7.531417068094015121e-03
9.974200725555419922e-01 2.579926047474145889e-03
9.960098266601562500e-01 3.990187309682369232e-03
9.935769438743591309e-01 6.423098035156726837e-03
9.977356195449829102e-01 2.264328300952911377e-03
9.949629306793212891e-01 5.037049762904644012e-03
9.874656796455383301e-01 1.253431662917137146e-02
9.952202439308166504e-01 4.779738374054431915e-03
9.930704236030578613e-01 6.929575465619564056e-03
9.883943796157836914e-01 1.160556357353925705e-02
9.941351413726806641e-01 5.864865612238645554e-03
9.928191304206848145e-01 7.180806715041399002e-03
9.917961359024047852e-01 8.203844539821147919e-03
9.889678359031677246e-01 1.103213336318731308e-02
9.893656969070434570e-01 1.063431985676288605e-02
9.919878244400024414e-01 8.012225851416587830e-03
9.889537096023559570e-01 1.104629877954721451e-02
9.902877807617187500e-01 9.712208993732929230e-03
9.913924932479858398e-01 8.607503958046436310e-03
9.914747476577758789e-01 8.525229059159755707e-03
9.868468642234802246e-01 1.315308269113302231e-02
9.857330322265625000e-01 1.426690351217985153e-02
9.896233677864074707e-01 1.037656050175428391e-02
9.859285950660705566e-01 1.407139096409082413e-02
9.815805554389953613e-01 1.841945759952068329e-02
9.933572411537170410e-01 6.642738822847604752e-03
9.904817938804626465e-01 9.518250823020935059e-03
9.865820407867431641e-01 1.341792289167642593e-02
9.948049187660217285e-01 5.195107311010360718e-03
9.933230280876159668e-01 6.676971912384033203e-03
9.902960658073425293e-01 9.703896939754486084e-03
9.964479207992553711e-01 3.552010748535394669e-03
9.947744011878967285e-01 5.225588101893663406e-03
9.926382303237915039e-01 7.361761759966611862e-03
9.975883960723876953e-01 2.411625813692808151e-03
9.940991401672363281e-01 5.900872871279716492e-03
9.937547445297241211e-01 6.245265249162912369e-03
9.970588684082031250e-01 2.941121580079197884e-03
9.944019913673400879e-01 5.598012357950210571e-03
9.938434362411499023e-01 6.156547460705041885e-03
9.969891905784606934e-01 3.010887652635574341e-03
9.952090382575988770e-01 4.790961276739835739e-03
9.958329796791076660e-01 4.166999831795692444e-03
9.959684610366821289e-01 4.031554795801639557e-03
9.944400787353515625e-01 5.559950601309537888e-03
9.944942593574523926e-01 5.505758803337812424e-03
9.964461922645568848e-01 3.553851274773478508e-03
9.939320683479309082e-01 6.067894864827394485e-03
9.927989244461059570e-01 7.201100233942270279e-03
9.967674016952514648e-01 3.232561284676194191e-03
9.951659440994262695e-01 4.834000021219253540e-03
9.944190382957458496e-01 5.580877419561147690e-03
9.979079961776733398e-01 2.092063659802079201e-03
9.958666563034057617e-01 4.133316222578287125e-03
9.931814074516296387e-01 6.818628404289484024e-03
9.966541528701782227e-01 3.345860168337821960e-03
9.951338171958923340e-01 4.866225644946098328e-03
9.922159314155578613e-01 7.784104440361261368e-03
9.970605969429016113e-01 2.939388155937194824e-03
9.952521324157714844e-01 4.747860133647918701e-03
9.933017492294311523e-01 6.698254961520433426e-03
9.963148236274719238e-01 3.685180330649018288e-03
9.947851300239562988e-01 5.214853677898645401e-03
9.933652281761169434e-01 6.634761113673448563e-03
9.961330890655517578e-01 3.866901388391852379e-03
9.936732053756713867e-01 6.326796021312475204e-03
9.910878539085388184e-01 8.912205696105957031e-03
9.944779872894287109e-01 5.522038321942090988e-03
9.923300147056579590e-01 7.670055143535137177e-03
9.908875226974487305e-01 9.112491272389888763e-03
9.928658008575439453e-01 7.134157232940196991e-03
9.899807572364807129e-01 1.001921202987432480e-02
9.896362423896789551e-01 1.036381348967552185e-02
9.893268346786499023e-01 1.067314483225345612e-02
9.894546270370483398e-01 1.054542791098356247e-02
9.918220639228820801e-01 8.177922107279300690e-03
9.877511262893676758e-01 1.224888768047094345e-02
9.875862598419189453e-01 1.241370290517807007e-02
9.900078773498535156e-01 9.992113336920738220e-03
9.932717680931091309e-01 6.728293374180793762e-03
9.928452372550964355e-01 7.154749706387519836e-03
9.871447682380676270e-01 1.285519357770681381e-02
9.930515289306640625e-01 6.948462221771478653e-03
9.873375892639160156e-01 1.266235020011663437e-02
9.850672483444213867e-01 1.493271999061107635e-02
9.941400885581970215e-01 5.859924945980310440e-03
9.901971817016601562e-01 9.802765212953090668e-03
9.881536364555358887e-01 1.184639800339937210e-02
9.950102567672729492e-01 4.989792592823505402e-03
9.930295348167419434e-01 6.970439106225967407e-03
9.900547266006469727e-01 9.945245459675788879e-03
9.960730075836181641e-01 3.926962148398160934e-03
9.937711358070373535e-01 6.228879559785127640e-03
9.927117824554443359e-01 7.288235705345869064e-03
9.965794682502746582e-01 3.420580644160509109e-03
9.944850802421569824e-01 5.514930468052625656e-03
9.943996071815490723e-01 5.600388627499341965e-03
9.963900446891784668e-01 3.609915962442755699e-03
9.940626025199890137e-01 5.937437992542982101e-03
9.951487183570861816e-01 4.851271864026784897e-03
9.971296191215515137e-01 2.870459808036684990e-03
9.949829578399658203e-01 5.017042160034179688e-03
9.954321384429931641e-01 4.567893687635660172e-03
9.963640570640563965e-01 3.635908942669630051e-03
9.937771558761596680e-01 6.222819909453392029e-03
9.928317070007324219e-01 7.168236188590526581e-03
9.961071610450744629e-01 3.892869688570499420e-03
9.945403933525085449e-01 5.459608510136604309e-03
9.913039207458496094e-01 8.696059696376323700e-03
9.972563385963439941e-01 2.743676537647843361e-03
9.945736527442932129e-01 5.426374729722738266e-03
9.889860153198242188e-01 1.101398095488548279e-02
9.976218342781066895e-01 2.378198551014065742e-03
9.954029321670532227e-01 4.597096238285303116e-03
9.924290776252746582e-01 7.570886053144931793e-03
9.963569045066833496e-01 3.643032629042863846e-03
9.943327903747558594e-01 5.667272023856639862e-03
9.932229518890380859e-01 6.777113769203424454e-03
9.954799413681030273e-01 4.520081914961338043e-03
9.944826364517211914e-01 5.517436657100915909e-03
9.942101240158081055e-01 5.789850838482379913e-03
9.959653615951538086e-01 4.034659825265407562e-03
9.934065341949462891e-01 6.593449506908655167e-03
9.939075112342834473e-01 6.092458032071590424e-03
9.952588677406311035e-01 4.741129931062459946e-03
9.927632212638854980e-01 7.236753590404987335e-03
9.925118684768676758e-01 7.488118484616279602e-03
9.940373897552490234e-01 5.962634459137916565e-03
9.920735955238342285e-01 7.926398888230323792e-03
9.913427829742431641e-01 8.657205849885940552e-03
9.941771030426025391e-01 5.822840146720409393e-03
9.919452071189880371e-01 8.054745383560657501e-03
9.901168942451477051e-01 9.883107617497444153e-03
9.916546344757080078e-01 8.345394395291805267e-03
9.906852841377258301e-01 9.314701892435550690e-03
9.892264008522033691e-01 1.077367179095745087e-02
9.891730546951293945e-01 1.082694251090288162e-02
9.883427023887634277e-01 1.165736746042966843e-02
9.854227304458618164e-01 1.457731053233146667e-02
9.932715296745300293e-01 6.728452164679765701e-03
9.935988187789916992e-01 6.401240359991788864e-03
9.867299795150756836e-01 1.327004097402095795e-02
9.944165945053100586e-01 5.583466961979866028e-03
9.889681935310363770e-01 1.103180553764104843e-02
9.830465912818908691e-01 1.695345342159271240e-02
9.944948554039001465e-01 5.505082197487354279e-03
9.909946322441101074e-01 9.005429223179817200e-03
9.880784153938293457e-01 1.192157529294490814e-02
9.942481517791748047e-01 5.751846823841333389e-03
9.925842285156250000e-01 7.415740285068750381e-03
9.899289011955261230e-01 1.007106713950634003e-02
9.943406581878662109e-01 5.659334361553192139e-03
9.915716648101806641e-01 8.428341709077358246e-03
9.902740120887756348e-01 9.726037271320819855e-03
9.954053163528442383e-01 4.594661761075258255e-03
9.934147596359252930e-01 6.585197057574987411e-03
9.932129383087158203e-01 6.787041202187538147e-03
9.954037666320800781e-01 4.596216604113578796e-03
9.945551156997680664e-01 5.444857291877269745e-03
9.949427247047424316e-01 5.057288799434900284e-03
9.947319030761718750e-01 5.268053617328405380e-03
9.954162836074829102e-01 4.583702888339757919e-03
9.951175451278686523e-01 4.882423207163810730e-03
9.932591915130615234e-01 6.740854121744632721e-03
9.952874183654785156e-01 4.712550435215234756e-03
9.949870109558105469e-01 5.013016052544116974e-03
9.928436875343322754e-01 7.156246807426214218e-03
9.952011108398437500e-01 4.798916634172201157e-03
9.937059283256530762e-01 6.294079124927520752e-03
9.949783682823181152e-01 5.021594930440187454e-03
9.948286414146423340e-01 5.171325989067554474e-03
9.921757578849792480e-01 7.824276573956012726e-03
9.957204461097717285e-01 4.279559943825006485e-03
9.928319454193115234e-01 7.168026175349950790e-03
9.909460544586181641e-01 9.053941816091537476e-03
9.953748583793640137e-01 4.625150002539157867e-03
9.926873445510864258e-01 7.312681525945663452e-03
9.921903014183044434e-01 7.809704635292291641e-03
9.951792955398559570e-01 4.820702131837606430e-03
9.913779497146606445e-01 8.622054941952228546e-03
9.920473098754882812e-01 7.952735759317874908e-03
9.953698515892028809e-01 4.630140028893947601e-03
9.908462166786193848e-01 9.153849445283412933e-03
9.919854402542114258e-01 8.014544844627380371e-03
9.945597052574157715e-01 5.440304521471261978e-03
9.900563955307006836e-01 9.943674318492412567e-03
9.914456605911254883e-01 8.554358966648578644e-03
9.945513606071472168e-01 5.448646843433380127e-03
9.916101098060607910e-01 8.389893919229507446e-03
9.904181361198425293e-01 9.581808000802993774e-03
9.941779375076293945e-01 5.822040140628814697e-03
9.925174713134765625e-01 7.482467684894800186e-03
9.885849356651306152e-01 1.141507830470800400e-02
9.917876124382019043e-01 8.212384767830371857e-03
9.898849725723266602e-01 1.011506002396345139e-02
9.855511188507080078e-01 1.444893330335617065e-02
9.902908205986022949e-01 9.709201753139495850e-03
9.884832501411437988e-01 1.151674985885620117e-02
9.845761060714721680e-01 1.542387064546346664e-02
9.917780160903930664e-01 8.221955038607120514e-03
9.889593124389648438e-01 1.104071643203496933e-02
9.857864379882812500e-01 1.421353034675121307e-02
9.941313862800598145e-01 5.868642590939998627e-03
9.875606894493103027e-01 1.243930403143167496e-02
9.848019480705261230e-01 1.519806031137704849e-02
9.937240481376647949e-01 6.275954656302928925e-03
9.888472557067871094e-01 1.115270238369703293e-02
9.853768944740295410e-01 1.462311670184135437e-02
9.938098788261413574e-01 6.190099753439426422e-03
9.900010824203491211e-01 9.998874738812446594e-03
9.884122014045715332e-01 1.158784423023462296e-02
9.934343099594116211e-01 6.565704941749572754e-03
9.911978840827941895e-01 8.802059106528759003e-03
9.897686243057250977e-01 1.023135334253311157e-02
9.947561025619506836e-01 5.243885796517133713e-03
9.924070239067077637e-01 7.592998910695314407e-03
9.915071129798889160e-01 8.492925204336643219e-03
9.942791461944580078e-01 5.720794200897216797e-03
9.914373755455017090e-01 8.562600240111351013e-03
9.914246797561645508e-01 8.575311861932277679e-03
9.934716224670410156e-01 6.528370082378387451e-03
9.901449680328369141e-01 9.855057112872600555e-03
9.919181466102600098e-01 8.081925101578235626e-03
9.926992058753967285e-01 7.300766184926033020e-03
9.895561337471008301e-01 1.044380944222211838e-02
9.929319620132446289e-01 7.068026810884475708e-03
9.921391606330871582e-01 7.860863581299781799e-03
9.904476404190063477e-01 9.552340954542160034e-03
9.930745363235473633e-01 6.925492081791162491e-03
9.940424561500549316e-01 5.957487039268016815e-03
9.926952123641967773e-01 7.304758764803409576e-03
9.932210445404052734e-01 6.778968498110771179e-03
9.953391551971435547e-01 4.660807084292173386e-03
9.929270148277282715e-01 7.072910666465759277e-03
9.931185245513916016e-01 6.881518755108118057e-03
9.944078922271728516e-01 5.592152010649442673e-03
9.922897219657897949e-01 7.710292004048824310e-03
9.920797944068908691e-01 7.920176722109317780e-03
9.941727519035339355e-01 5.827195476740598679e-03
9.895848631858825684e-01 1.041513308882713318e-02
9.909022450447082520e-01 9.097722359001636505e-03
9.953159093856811523e-01 4.684134386479854584e-03
9.894281029701232910e-01 1.057194545865058899e-02
9.905712604522705078e-01 9.428724646568298340e-03
9.945157170295715332e-01 5.484218709170818329e-03
9.887571930885314941e-01 1.124284975230693817e-02
9.896406531333923340e-01 1.035929005593061447e-02
9.944459199905395508e-01 5.554055329412221909e-03
9.902129769325256348e-01 9.786985814571380615e-03
9.875360131263732910e-01 1.246402505785226822e-02
9.947428703308105469e-01 5.257064942270517349e-03
9.907855987548828125e-01 9.214475750923156738e-03
9.842504262924194336e-01 1.574955321848392487e-02
9.907965660095214844e-01 9.203472174704074860e-03
9.870577454566955566e-01 1.294223777949810028e-02
9.871140718460083008e-01 1.288590952754020691e-02
9.875740408897399902e-01 1.242590881884098053e-02
9.867803454399108887e-01 1.321959216147661209e-02
9.852383732795715332e-01 1.476162951439619064e-02
9.887191653251647949e-01 1.128085982054471970e-02
9.874702095985412598e-01 1.252976711839437485e-02
9.873917698860168457e-01 1.260827574878931046e-02
9.885668754577636719e-01 1.143309567123651505e-02
9.877241849899291992e-01 1.227588392794132233e-02
9.881435036659240723e-01 1.185655035078525543e-02
9.916650652885437012e-01 8.334971033036708832e-03
9.905835390090942383e-01 9.416512213647365570e-03
9.883689880371093750e-01 1.163094211369752884e-02
9.929988384246826172e-01 7.001203019171953201e-03
9.912273287773132324e-01 8.772729896008968353e-03
9.886539578437805176e-01 1.134604215621948242e-02
9.924077987670898438e-01 7.592168636620044708e-03
9.927404522895812988e-01 7.259602192789316177e-03
9.916633367538452148e-01 8.336621336638927460e-03
9.924807548522949219e-01 7.519305218011140823e-03
9.931322932243347168e-01 6.867721676826477051e-03
9.934537410736083984e-01 6.546310614794492722e-03
9.903468489646911621e-01 9.653115645051002502e-03
9.930992126464843750e-01 6.900781765580177307e-03
9.941449761390686035e-01 5.854998715221881866e-03
9.903531670570373535e-01 9.646910242736339569e-03
9.935197234153747559e-01 6.480220705270767212e-03
9.948764443397521973e-01 5.123529583215713501e-03
9.886172413825988770e-01 1.138276141136884689e-02
9.918975830078125000e-01 8.102351799607276917e-03
9.943056702613830566e-01 5.694340448826551437e-03
9.886627793312072754e-01 1.133725792169570923e-02
9.903327822685241699e-01 9.667174890637397766e-03
9.929189085960388184e-01 7.081083487719297409e-03
9.896356463432312012e-01 1.036436110734939575e-02
9.890233278274536133e-01 1.097669359296560287e-02
9.917730689048767090e-01 8.226894773542881012e-03
9.914454221725463867e-01 8.554597385227680206e-03
9.901160597801208496e-01 9.883975610136985779e-03
9.917313456535339355e-01 8.268676698207855225e-03
9.916626214981079102e-01 8.337351493537425995e-03
9.895937442779541016e-01 1.040621660649776459e-02
9.908158779144287109e-01 9.184160269796848297e-03
9.921220541000366211e-01 7.878034375607967377e-03
9.912111163139343262e-01 8.788894861936569214e-03
9.912487268447875977e-01 8.751317858695983887e-03
9.927452206611633301e-01 7.254719734191894531e-03
9.917318820953369141e-01 8.268042467534542084e-03
9.915063977241516113e-01 8.493587374687194824e-03
9.923104047775268555e-01 7.689641788601875305e-03
9.908739328384399414e-01 9.126020595431327820e-03
9.905649423599243164e-01 9.435023181140422821e-03
9.929170608520507812e-01 7.082900963723659515e-03
9.916491508483886719e-01 8.350840769708156586e-03
9.890832304954528809e-01 1.091673411428928375e-02
9.920394420623779297e-01 7.960597984492778778e-03
9.898101091384887695e-01 1.018990017473697662e-02
9.862107634544372559e-01 1.378925517201423645e-02
9.881874918937683105e-01 1.181247457861900330e-02
9.860873818397521973e-01 1.391259953379631042e-02
9.858647584915161133e-01 1.413526013493537903e-02
9.859036803245544434e-01 1.409627310931682587e-02
9.895685315132141113e-01 1.043148711323738098e-02
9.879212379455566406e-01 1.207873318344354630e-02
9.824969172477722168e-01 1.750306040048599243e-02
9.938011765480041504e-01 6.198891904205083847e-03
9.885156154632568359e-01 1.148432679474353790e-02
9.914724230766296387e-01 8.527575060725212097e-03
9.939947724342346191e-01 6.005280651152133942e-03
9.949824810028076172e-01 5.017491988837718964e-03
9.947576522827148438e-01 5.242391489446163177e-03
9.956136941909790039e-01 4.386287182569503784e-03
9.938333034515380859e-01 6.166715174913406372e-03
9.955604076385498047e-01 4.439542070031166077e-03
9.933794736862182617e-01 6.620533764362335205e-03
9.954925775527954102e-01 4.507404286414384842e-03
9.913938641548156738e-01 8.606083691120147705e-03
9.934583306312561035e-01 6.541703362017869949e-03
9.876798391342163086e-01 1.232018601149320602e-02
9.877157807350158691e-01 1.228426396846771240e-02
9.857168197631835938e-01 1.428317558020353317e-02
9.826527833938598633e-01 1.734725758433341980e-02
9.775531291961669922e-01 2.244684845209121704e-02
9.873903989791870117e-01 1.260962244123220444e-02
9.896417260169982910e-01 1.035822927951812744e-02
9.922728538513183594e-01 7.727231364697217941e-03
9.895709753036499023e-01 1.042899210005998611e-02
9.904025793075561523e-01 9.597442112863063812e-03
9.856400489807128906e-01 1.435994543135166168e-02
9.803336262702941895e-01 1.966638118028640747e-02
9.924771189689636230e-01 7.522857282310724258e-03
9.881778359413146973e-01 1.182222645729780197e-02
9.938155412673950195e-01 6.184479687362909317e-03
9.939404726028442383e-01 6.059587001800537109e-03
9.927620291709899902e-01 7.237918209284543991e-03
9.935253858566284180e-01 6.474609021097421646e-03
9.901559352874755859e-01 9.844096377491950989e-03
9.834060668945312500e-01 1.659397967159748077e-02
9.867938160896301270e-01 1.320615131407976151e-02
9.746032357215881348e-01 2.539679408073425293e-02
9.890404343605041504e-01 1.095953024923801422e-02
9.814256429672241211e-01 1.857434213161468506e-02
9.853515625000000000e-01 1.464849896728992462e-02
9.842802286148071289e-01 1.571977697312831879e-02
9.953898191452026367e-01 4.610199946910142899e-03
9.959716200828552246e-01 4.028335213661193848e-03
9.950821399688720703e-01 4.917909391224384308e-03
9.918594956398010254e-01 8.140513673424720764e-03
9.881585240364074707e-01 1.184149272739887238e-02
9.774284958839416504e-01 2.257152646780014038e-02
9.900931715965270996e-01 9.906824678182601929e-03
9.746143221855163574e-01 2.538570761680603027e-02
9.949919581413269043e-01 5.008009728044271469e-03
9.890519976615905762e-01 1.094803679734468460e-02
9.957259893417358398e-01 4.274026025086641312e-03
9.904589653015136719e-01 9.541083127260208130e-03
9.898904561996459961e-01 1.010958570986986160e-02
9.584464430809020996e-01 4.155354201793670654e-02
9.845165610313415527e-01 1.548336725682020187e-02
9.604314565658569336e-01 3.956856206059455872e-02
9.857344627380371094e-01 1.426556427031755447e-02
9.697434902191162109e-01 3.025646694004535675e-02
9.905210733413696289e-01 9.478932246565818787e-03
9.864079952239990234e-01 1.359197217971086502e-02
9.910591244697570801e-01 8.940835483372211456e-03
9.922235608100891113e-01 7.776485290378332138e-03
9.945675134658813477e-01 5.432453937828540802e-03
9.880940318107604980e-01 1.190595328807830811e-02
9.941039681434631348e-01 5.896072369068861008e-03
9.898658394813537598e-01 1.013415213674306870e-02
9.952113032341003418e-01 4.788734018802642822e-03
9.864565134048461914e-01 1.354345772415399551e-02
9.943342208862304688e-01 5.665777716785669327e-03
9.963911175727844238e-01 3.608923405408859253e-03
9.922426342964172363e-01 7.757353130728006363e-03
9.948294758796691895e-01 5.170558579266071320e-03
9.959510564804077148e-01 4.048917442560195923e-03
9.725760817527770996e-01 2.742384187877178192e-02
9.888293147087097168e-01 1.117070205509662628e-02
9.258794188499450684e-01 7.412064075469970703e-02
9.809200763702392578e-01 1.907985843718051910e-02
9.683312177658081055e-01 3.166870772838592529e-02
9.875413775444030762e-01 1.245860848575830460e-02
9.848349094390869141e-01 1.516508031636476517e-02
9.848675131797790527e-01 1.513252686709165573e-02
9.844506382942199707e-01 1.554938498884439468e-02
9.923751950263977051e-01 7.624813821166753769e-03
9.898275136947631836e-01 1.017250493168830872e-02
9.946969747543334961e-01 5.303046666085720062e-03
9.906743168830871582e-01 9.325660765171051025e-03
9.962318539619445801e-01 3.768131835386157036e-03
9.917114973068237305e-01 8.288525044918060303e-03
9.972419738769531250e-01 2.757972339168190956e-03
9.974470138549804688e-01 2.552963560447096825e-03
9.944338202476501465e-01 5.566210020333528519e-03
9.962200522422790527e-01 3.779993392527103424e-03
9.947524070739746094e-01 5.247535649687051773e-03
9.836898446083068848e-01 1.631011813879013062e-02
9.890726208686828613e-01 1.092732418328523636e-02
9.755657315254211426e-01 2.443429641425609589e-02
9.812428951263427734e-01 1.875711977481842041e-02
9.782159924507141113e-01 2.178406715393066406e-02
9.829335808753967285e-01 1.706638932228088379e-02
9.817694425582885742e-01 1.823058910667896271e-02
9.817720651626586914e-01 1.822794228792190552e-02
9.821068644523620605e-01 1.789311133325099945e-02
9.891604781150817871e-01 1.083958521485328674e-02
9.898708462715148926e-01 1.012913510203361511e-02
9.935368895530700684e-01 6.463057827204465866e-03
9.879533052444458008e-01 1.204667240381240845e-02
9.943087697029113770e-01 5.691260565072298050e-03
9.885644316673278809e-01 1.143551617860794067e-02
9.962908029556274414e-01 3.709171200171113014e-03
9.942274093627929688e-01 5.772576201707124710e-03
9.938244819641113281e-01 6.175576709210872650e-03
9.923521876335144043e-01 7.647827733308076859e-03
9.919636249542236328e-01 8.036346174776554108e-03
9.873818755149841309e-01 1.261815801262855530e-02
9.900773763656616211e-01 9.922579862177371979e-03
9.881052970886230469e-01 1.189474016427993774e-02
9.861617088317871094e-01 1.383829955011606216e-02
9.878899455070495605e-01 1.211010292172431946e-02
9.798309206962585449e-01 2.016900479793548584e-02
9.850452542304992676e-01 1.495479699224233627e-02
9.870545268058776855e-01 1.294555887579917908e-02
9.858652353286743164e-01 1.413480844348669052e-02
9.868495464324951172e-01 1.315043494105339050e-02
9.878998398780822754e-01 1.210014056414365768e-02
9.920726418495178223e-01 7.927408441901206970e-03
9.884032607078552246e-01 1.159673836082220078e-02
9.946163296699523926e-01 5.383681505918502808e-03
9.919082522392272949e-01 8.091669529676437378e-03
9.938040971755981445e-01 6.195893045514822006e-03
9.907621741294860840e-01 9.237803518772125244e-03
9.929196238517761230e-01 7.080386392772197723e-03
9.903948903083801270e-01 9.605142287909984589e-03
9.908215999603271484e-01 9.178342297673225403e-03
9.894527196884155273e-01 1.054722350090742111e-02
9.876260161399841309e-01 1.237394940108060837e-02
9.878870248794555664e-01 1.211303006857633591e-02
9.855394363403320312e-01 1.446056179702281952e-02
9.870908260345458984e-01 1.290911715477705002e-02
9.809974431991577148e-01 1.900261454284191132e-02
9.852698445320129395e-01 1.473013591021299362e-02
9.873082041740417480e-01 1.269180327653884888e-02
9.942755103111267090e-01 5.724468268454074860e-03
9.877079725265502930e-01 1.229202374815940857e-02
9.392738938331604004e-01 6.072618439793586731e-02
9.840129613876342773e-01 1.598710939288139343e-02
5.587938427925109863e-01 4.412060678005218506e-01
9.866857528686523438e-01 1.331418007612228394e-02
9.513761401176452637e-01 4.862384498119354248e-02
9.857181310653686523e-01 1.428185962140560150e-02
9.935790300369262695e-01 6.420909892767667770e-03
9.772036075592041016e-01 2.279639430344104767e-02
9.411606192588806152e-01 5.883933976292610168e-02
8.901418447494506836e-01 1.098580807447433472e-01
1.109013054519891739e-02 9.889099001884460449e-01
7.571945190429687500e-01 2.428055107593536377e-01
3.106940421275794506e-04 9.996893405914306641e-01
9.136276245117187500e-01 8.637244254350662231e-02
4.188500344753265381e-02 9.581149816513061523e-01
9.794979095458984375e-01 2.050211466848850250e-02
9.688667058944702148e-01 3.113326989114284515e-02
9.908033609390258789e-01 9.196682833135128021e-03
9.827837944030761719e-01 1.721627078950405121e-02
9.513095021247863770e-01 4.869056493043899536e-02
3.055352866649627686e-01 6.944646835327148438e-01
9.538631439208984375e-01 4.613691568374633789e-02
5.297796800732612610e-02 9.470219612121582031e-01
9.869521856307983398e-01 1.304779294878244400e-02
7.266159057617187500e-01 2.733840942382812500e-01
9.957931041717529297e-01 4.206865560263395309e-03
9.970291256904602051e-01 2.970899920910596848e-03
9.376929998397827148e-01 6.230697408318519592e-02
9.988176226615905762e-01 1.182312495075166225e-03
9.990478157997131348e-01 9.521531173959374428e-04
2.784501612186431885e-01 7.215498685836791992e-01
9.980669617652893066e-01 1.932996558025479317e-03
9.985059499740600586e-01 1.494037453085184097e-03
