1.517211675643920898e+00
5.278975367546081543e-01
5.316483974456787109e-01
1.577230215072631836e+00
5.421641469001770020e-01
4.818912148475646973e-01
1.464460015296936035e+00
4.467434287071228027e-01
4.313271343708038330e-01
1.394195914268493652e+00
4.606133699417114258e-01
4.467963576316833496e-01
1.336701154708862305e+00
4.107526838779449463e-01
4.602032005786895752e-01
1.269725084304809570e+00
4.132786989212036133e-01
4.732373058795928955e-01
1.262179851531982422e+00
4.154617786407470703e-01
4.721563756465911865e-01
1.323947787284851074e+00
3.946458101272583008e-01
4.597657620906829834e-01
1.375177502632141113e+00
3.875707089900970459e-01
4.369193017482757568e-01
1.419750094413757324e+00
4.066107273101806641e-01
4.169295132160186768e-01
1.461386322975158691e+00
4.262751936912536621e-01
4.235584437847137451e-01
1.477666020393371582e+00
3.863752186298370361e-01
4.295971691608428955e-01
1.469870567321777344e+00
4.146456122398376465e-01
4.313550591468811035e-01
1.431925892829895020e+00
4.203415513038635254e-01
4.407198429107666016e-01
1.446847796440124512e+00
4.359189867973327637e-01
4.380152821540832520e-01
1.464396238327026367e+00
4.943920969963073730e-01
4.541331827640533447e-01
1.429898738861083984e+00
4.739074707031250000e-01
4.534718096256256104e-01
1.427019238471984863e+00
5.153941512107849121e-01
4.372683167457580566e-01
1.465843677520751953e+00
5.288794636726379395e-01
4.456579685211181641e-01
1.547938704490661621e+00
5.003865361213684082e-01
4.429786205291748047e-01
1.421284675598144531e+00
4.813018441200256348e-01
6.882094740867614746e-01
1.368081569671630859e+00
5.333121418952941895e-01
7.596127986907958984e-01
1.250905990600585938e+00
4.870010614395141602e-01
5.925067663192749023e-01
1.231641888618469238e+00
3.957612216472625732e-01
5.645833015441894531e-01
1.219215273857116699e+00
4.768601953983306885e-01
5.388848781585693359e-01
1.205603003501892090e+00
5.558916926383972168e-01
5.750107765197753906e-01
1.283187389373779297e+00
4.357144236564636230e-01
5.464289188385009766e-01
1.351078271865844727e+00
4.024376273155212402e-01
5.563949346542358398e-01
1.394770503044128418e+00
4.937957525253295898e-01
5.563609004020690918e-01
1.357311248779296875e+00
5.606029033660888672e-01
6.082379221916198730e-01
1.427577376365661621e+00
5.215906500816345215e-01
5.888757109642028809e-01
1.523541331291198730e+00
5.258831381797790527e-01
4.928926229476928711e-01
1.543768644332885742e+00
5.068881511688232422e-01
5.407291650772094727e-01
1.470536589622497559e+00
5.230752825736999512e-01
6.013687252998352051e-01
1.471568942070007324e+00
4.295236468315124512e-01
6.063457727432250977e-01
1.417982459068298340e+00
2.949047684669494629e-01
5.905733108520507812e-01
1.390915751457214355e+00
3.756839632987976074e-01
5.843846201896667480e-01
1.262856125831604004e+00
4.242973327636718750e-01
5.869540572166442871e-01
1.242697119712829590e+00
5.596192479133605957e-01
6.677409410476684570e-01
1.414332985877990723e+00
5.296631455421447754e-01
5.271627306938171387e-01
1.463768005371093750e+00
5.534291863441467285e-01
4.959115087985992432e-01
1.395880579948425293e+00
5.934098362922668457e-01
5.238355994224548340e-01
1.418068170547485352e+00
3.595137596130371094e-01
4.548628926277160645e-01
1.339226603507995605e+00
4.867250323295593262e-01
4.462127685546875000e-01
1.224910974502563477e+00
7.065782546997070312e-01
4.840973019599914551e-01
1.385462880134582520e+00
4.334216415882110596e-01
4.970239996910095215e-01
1.569915413856506348e+00
2.774779498577117920e-01
5.005995631217956543e-01
1.679371833801269531e+00
2.802897691726684570e-01
4.859874844551086426e-01
1.636634230613708496e+00
3.730803430080413818e-01
4.817868769168853760e-01
1.560445070266723633e+00
3.881399631500244141e-01
4.660819172859191895e-01
1.593079209327697754e+00
4.030039310455322266e-01
4.504081606864929199e-01
1.633606076240539551e+00
4.776801168918609619e-01
4.676335453987121582e-01
1.610106587409973145e+00
4.701399803161621094e-01
4.616040587425231934e-01
1.610370516777038574e+00
3.917704522609710693e-01
4.699485003948211670e-01
1.612579584121704102e+00
3.389369547367095947e-01
4.924990534782409668e-01
1.501286745071411133e+00
4.615244269371032715e-01
5.034583210945129395e-01
1.477904319763183594e+00
4.996882677078247070e-01
4.997656345367431641e-01
1.282666206359863281e+00
4.425340890884399414e-01
4.417128264904022217e-01
1.259478688240051270e+00
5.740226507186889648e-01
4.558387994766235352e-01
1.453567743301391602e+00
4.464640021324157715e-01
4.105008840560913086e-01
1.440859079360961914e+00
5.725250244140625000e-01
4.925068914890289307e-01
1.474799513816833496e+00
5.534517168998718262e-01
5.217875242233276367e-01
1.520397901535034180e+00
5.386606454849243164e-01
4.366751909255981445e-01
1.450087785720825195e+00
6.707499027252197266e-01
4.278409481048583984e-01
1.428085207939147949e+00
5.707620978355407715e-01
5.086564421653747559e-01
1.604754686355590820e+00
5.403350591659545898e-01
4.631505608558654785e-01
1.861660718917846680e+00
3.687666356563568115e-01
4.553747475147247314e-01
1.848523139953613281e+00
3.645409941673278809e-01
4.764519631862640381e-01
1.762887239456176758e+00
3.819889724254608154e-01
4.814321398735046387e-01
1.744909405708312988e+00
4.002184271812438965e-01
4.640067815780639648e-01
1.731604456901550293e+00
4.458225965499877930e-01
4.420008361339569092e-01
1.714181900024414062e+00
4.016878008842468262e-01
4.423647820949554443e-01
1.758224606513977051e+00
3.630927205085754395e-01
4.208402633666992188e-01
1.799591541290283203e+00
3.941374421119689941e-01
4.201919138431549072e-01
1.702760815620422363e+00
3.921034932136535645e-01
4.494475722312927246e-01
1.634860634803771973e+00
3.417212367057800293e-01
4.363048672676086426e-01
1.540425777435302734e+00
4.653851389884948730e-01
5.263881683349609375e-01
1.354581356048583984e+00
6.734157204627990723e-01
4.874375462532043457e-01
1.406163215637207031e+00
5.552561283111572266e-01
5.125106573104858398e-01
1.509572863578796387e+00
5.744805335998535156e-01
4.409719109535217285e-01
1.390830874443054199e+00
6.572560071945190430e-01
4.895384609699249268e-01
1.517326474189758301e+00
4.311553835868835449e-01
5.311961174011230469e-01
1.402476549148559570e+00
7.833947539329528809e-01
4.459251761436462402e-01
1.483085274696350098e+00
9.874669313430786133e-01
4.902484416961669922e-01
1.613232970237731934e+00
7.575446963310241699e-01
5.208882689476013184e-01
1.759425163269042969e+00
4.225550293922424316e-01
5.274832248687744141e-01
1.786141395568847656e+00
2.477100491523742676e-01
5.468266010284423828e-01
1.824300169944763184e+00
3.024528026580810547e-01
4.835526049137115479e-01
1.787684559822082520e+00
4.581731557846069336e-01
4.437313079833984375e-01
1.698832631111145020e+00
5.490981340408325195e-01
4.714119434356689453e-01
1.690992712974548340e+00
4.848802089691162109e-01
4.702431559562683105e-01
1.828100085258483887e+00
3.346150517463684082e-01
4.667983055114746094e-01
1.878955245018005371e+00
3.882778882980346680e-01
4.383968412876129150e-01
1.850765347480773926e+00
3.396514952182769775e-01
4.163629114627838135e-01
1.721979260444641113e+00
2.957857251167297363e-01
4.210916757583618164e-01
1.705413222312927246e+00
2.580516338348388672e-01
4.352575242519378662e-01
1.640459895133972168e+00
3.485363125801086426e-01
4.148771166801452637e-01
1.508725881576538086e+00
5.749155282974243164e-01
3.620760440826416016e-01
1.473920583724975586e+00
7.063415050506591797e-01
4.525226652622222900e-01
1.543274402618408203e+00
5.864684581756591797e-01
4.557963609695434570e-01
1.286305189132690430e+00
5.701407194137573242e-01
4.865665733814239502e-01
1.422511339187622070e+00
7.326343655586242676e-01
4.902402758598327637e-01
1.384891152381896973e+00
7.214446067810058594e-01
4.575607776641845703e-01
1.549635052680969238e+00
8.318818211555480957e-01
3.756681382656097412e-01
1.797804117202758789e+00
7.564098834991455078e-01
4.482340514659881592e-01
1.967781066894531250e+00
2.634975314140319824e-01
5.167418122291564941e-01
1.916880726814270020e+00
2.044782787561416626e-01
5.134990811347961426e-01
1.935186147689819336e+00
2.440837025642395020e-01
5.018296837806701660e-01
1.920813798904418945e+00
2.803459465503692627e-01
4.909207820892333984e-01
1.670000314712524414e+00
5.059099197387695312e-01
5.078179240226745605e-01
1.699633002281188965e+00
5.684531927108764648e-01
4.630801975727081299e-01
1.921180963516235352e+00
3.003343343734741211e-01
4.735344350337982178e-01
2.049428224563598633e+00
2.780722975730895996e-01
4.770229458808898926e-01
2.018893003463745117e+00
1.711516380310058594e-01
4.367237389087677002e-01
1.848572611808776855e+00
2.215926945209503174e-01
3.635448217391967773e-01
1.627588748931884766e+00
2.274269461631774902e-01
3.988575041294097900e-01
1.692879319190979004e+00
1.972741484642028809e-01
4.637186229228973389e-01
1.665179848670959473e+00
3.027106523513793945e-01
4.148935675621032715e-01
1.615645289421081543e+00
7.082270979881286621e-01
4.776751697063446045e-01
1.549437880516052246e+00
5.805283188819885254e-01
4.472037553787231445e-01
1.271844744682312012e+00
6.142797470092773438e-01
5.050815343856811523e-01
1.385748147964477539e+00
6.879407167434692383e-01
5.010175704956054688e-01
1.345082759857177734e+00
7.268313765525817871e-01
5.232191085815429688e-01
1.294420838356018066e+00
1.144199967384338379e+00
3.735478520393371582e-01
1.487783312797546387e+00
1.110793709754943848e+00
5.346846580505371094e-01
1.755547761917114258e+00
5.124354958534240723e-01
4.793277382850646973e-01
1.816369533538818359e+00
3.216716349124908447e-01
4.657459557056427002e-01
1.799208402633666992e+00
3.394363522529602051e-01
5.106384158134460449e-01
1.754405260086059570e+00
2.490722984075546265e-01
4.652421474456787109e-01
1.549505949020385742e+00
6.096771359443664551e-01
5.764076709747314453e-01
1.786391973495483398e+00
5.254259109497070312e-01
5.539805293083190918e-01
2.084017753601074219e+00
4.307160377502441406e-01
4.365616440773010254e-01
2.063961029052734375e+00
3.681672811508178711e-01
4.035589396953582764e-01
1.897828459739685059e+00
2.588637471199035645e-01
4.287772476673126221e-01
1.777636170387268066e+00
2.154714316129684448e-01
3.822056949138641357e-01
1.543520689010620117e+00
2.554530501365661621e-01
4.202200770378112793e-01
1.580258250236511230e+00
1.256797313690185547e-01
4.630348086357116699e-01
1.661485433578491211e+00
3.131104707717895508e-01
4.370701313018798828e-01
1.486515402793884277e+00
6.010061502456665039e-01
4.994684159755706787e-01
1.499387979507446289e+00
6.472603082656860352e-01
4.727651774883270264e-01
1.230699658393859863e+00
5.391569137573242188e-01
5.443227291107177734e-01
1.276362895965576172e+00
5.310607552528381348e-01
4.902784824371337891e-01
1.387636303901672363e+00
6.903614997863769531e-01
4.656981527805328369e-01
1.291751503944396973e+00
7.985917329788208008e-01
3.115259110927581787e-01
1.410014271736145020e+00
4.730019867420196533e-01
3.852410316467285156e-01
1.612626194953918457e+00
5.662590861320495605e-01
4.686562120914459229e-01
1.813754439353942871e+00
2.205525934696197510e-01
4.933355748653411865e-01
1.759915471076965332e+00
2.786198854446411133e-01
5.255645513534545898e-01
1.608837842941284180e+00
3.640979230403900146e-01
4.316374659538269043e-01
1.487803816795349121e+00
5.610917210578918457e-01
4.943883419036865234e-01
1.662787079811096191e+00
4.747432172298431396e-01
5.288232564926147461e-01
2.088742256164550781e+00
4.172431230545043945e-01
4.838472306728363037e-01
2.101974964141845703e+00
2.240406274795532227e-01
5.058593750000000000e-01
1.897090077400207520e+00
2.090065926313400269e-01
5.039216279983520508e-01
1.657047152519226074e+00
2.204081863164901733e-01
4.537412524223327637e-01
1.504318356513977051e+00
4.648734629154205322e-02
4.192803502082824707e-01
1.559115529060363770e+00
2.785483598709106445e-01
3.524864315986633301e-01
1.562476038932800293e+00
2.242730408906936646e-01
3.777031004428863525e-01
1.366813302040100098e+00
6.485078930854797363e-01
4.978541433811187744e-01
1.342361688613891602e+00
6.513634920120239258e-01
4.657349586486816406e-01
1.338744640350341797e+00
5.188403129577636719e-01
5.262963771820068359e-01
1.509243369102478027e+00
5.529611110687255859e-01
4.835551381111145020e-01
1.345363855361938477e+00
6.068901419639587402e-01
5.138807892799377441e-01
1.436218857765197754e+00
4.813305735588073730e-01
4.804986119270324707e-01
1.512767434120178223e+00
4.593897759914398193e-01
4.390890896320343018e-01
1.656861543655395508e+00
3.398032188415527344e-01
4.457550048828125000e-01
1.750534057617187500e+00
3.409179449081420898e-01
4.698339402675628662e-01
1.778383016586303711e+00
2.383907586336135864e-01
4.926127791404724121e-01
1.779253482818603516e+00
3.438616991043090820e-01
4.915361404418945312e-01
1.700689196586608887e+00
3.769436478614807129e-01
4.549131393432617188e-01
1.871183872222900391e+00
3.496839404106140137e-01
4.818063676357269287e-01
2.025560617446899414e+00
2.932901382446289062e-01
4.293451607227325439e-01
1.845590949058532715e+00
3.501708805561065674e-01
4.759848415851593018e-01
1.629400372505187988e+00
1.608791649341583252e-01
4.995172321796417236e-01
1.564460992813110352e+00
1.734677404165267944e-01
4.313653707504272461e-01
1.631586194038391113e+00
2.083024680614471436e-01
4.656432271003723145e-01
1.614515542984008789e+00
1.929839551448822021e-01
5.093091130256652832e-01
1.508297443389892578e+00
4.852726459503173828e-01
4.487570524215698242e-01
1.374969720840454102e+00
5.073232650756835938e-01
5.489341020584106445e-01
1.388781189918518066e+00
6.586444973945617676e-01
4.583697021007537842e-01
1.524762749671936035e+00
5.348021984100341797e-01
5.172307491302490234e-01
1.626724004745483398e+00
4.363173246383666992e-01
4.426284730434417725e-01
1.443709373474121094e+00
6.296523809432983398e-01
3.726944327354431152e-01
1.530854105949401855e+00
4.532929658889770508e-01
4.006860256195068359e-01
1.555618286132812500e+00
4.885112643241882324e-01
4.725730121135711670e-01
1.559993267059326172e+00
4.258198142051696777e-01
4.853648543357849121e-01
1.626078724861145020e+00
3.799520730972290039e-01
4.922302365303039551e-01
1.708671331405639648e+00
3.654080629348754883e-01
4.851056337356567383e-01
1.704921126365661621e+00
3.862738609313964844e-01
4.388881027698516846e-01
1.753300547599792480e+00
2.734740078449249268e-01
4.827004075050354004e-01
1.829207539558410645e+00
2.106959819793701172e-01
4.938932657241821289e-01
1.825743675231933594e+00
3.352486491203308105e-01
4.130347967147827148e-01
1.722516536712646484e+00
2.094830125570297241e-01
4.399325847625732422e-01
1.587911009788513184e+00
3.154895305633544922e-01
4.743921756744384766e-01
1.641607284545898438e+00
2.184508740901947021e-01
5.348892211914062500e-01
1.581775665283203125e+00
2.997259199619293213e-01
5.579820275306701660e-01
1.671927452087402344e+00
4.352301955223083496e-01
4.408882558345794678e-01
1.624953389167785645e+00
5.105960965156555176e-01
4.274095594882965088e-01
1.619710445404052734e+00
6.067048311233520508e-01
4.588419795036315918e-01
1.633451223373413086e+00
4.866909980773925781e-01
4.436974525451660156e-01
1.435479164123535156e+00
4.135123491287231445e-01
5.861995220184326172e-01
1.428072094917297363e+00
6.070156693458557129e-01
5.547112226486206055e-01
1.439988374710083008e+00
3.565817475318908691e-01
4.407311379909515381e-01
1.439386010169982910e+00
6.151582002639770508e-01
3.981789350509643555e-01
1.577882647514343262e+00
3.597352504730224609e-01
4.674630761146545410e-01
1.626974582672119141e+00
3.607732057571411133e-01
4.855009913444519043e-01
1.569209337234497070e+00
3.425812125205993652e-01
4.626181125640869141e-01
1.612933874130249023e+00
4.818783998489379883e-01
4.953657090663909912e-01
1.624813556671142578e+00
4.759581089019775391e-01
4.888449013233184814e-01
1.608660817146301270e+00
3.141140639781951904e-01
5.251640081405639648e-01
1.593938827514648438e+00
4.178112149238586426e-01
5.037392973899841309e-01
1.663356065750122070e+00
3.659951686859130859e-01
4.786204099655151367e-01
1.722783803939819336e+00
3.731634318828582764e-01
4.708536267280578613e-01
1.686388254165649414e+00
3.049547076225280762e-01
4.869789481163024902e-01
1.674840450286865234e+00
4.161187410354614258e-01
4.645285904407501221e-01
1.704867482185363770e+00
5.478677749633789062e-01
4.936891794204711914e-01
1.659954071044921875e+00
6.169152855873107910e-01
4.644733667373657227e-01
1.455439448356628418e+00
6.605482697486877441e-01
4.522117972373962402e-01
1.460698723793029785e+00
5.795758962631225586e-01
4.709895849227905273e-01
1.414792776107788086e+00
6.355669498443603516e-01
4.537205398082733154e-01
1.411454439163208008e+00
5.598637461662292480e-01
4.528886377811431885e-01
1.391905188560485840e+00
4.829474091529846191e-01
6.464567184448242188e-01
1.503630638122558594e+00
3.556196689605712891e-01
5.893229246139526367e-01
1.659877300262451172e+00
2.446662187576293945e-01
4.246244728565216064e-01
1.657656788825988770e+00
4.828839898109436035e-01
4.613026380538940430e-01
1.647835373878479004e+00
5.151247978210449219e-01
4.668450057506561279e-01
1.654937148094177246e+00
3.561643958091735840e-01
4.682275950908660889e-01
1.642601490020751953e+00
3.335839211940765381e-01
4.902411401271820068e-01
1.537385106086730957e+00
3.657503128051757812e-01
4.551223218441009521e-01
1.560235619544982910e+00
3.942613005638122559e-01
4.508862495422363281e-01
1.584627985954284668e+00
2.941352725028991699e-01
4.732144176959991455e-01
1.669318556785583496e+00
3.706996440887451172e-01
4.492874443531036377e-01
1.820767283439636230e+00
3.524932265281677246e-01
4.602977633476257324e-01
1.803495049476623535e+00
4.653122425079345703e-01
4.377608001232147217e-01
1.687594056129455566e+00
6.179313063621520996e-01
6.006097793579101562e-01
1.770505785942077637e+00
5.653457641601562500e-01
5.000665187835693359e-01
1.742167472839355469e+00
6.239760518074035645e-01
5.084226131439208984e-01
1.740040659904479980e+00
5.028101205825805664e-01
4.579015970230102539e-01
1.756706237792968750e+00
4.053808152675628662e-01
5.425047278404235840e-01
1.609352111816406250e+00
5.548865199089050293e-01
4.293929338455200195e-01
1.586311101913452148e+00
5.610029697418212891e-01
4.600508213043212891e-01
1.532088160514831543e+00
6.709220409393310547e-01
5.151896476745605469e-01
1.546785712242126465e+00
4.250559806823730469e-01
4.727880358695983887e-01
1.740472197532653809e+00
4.453999996185302734e-01
4.648118615150451660e-01
1.758928179740905762e+00
4.551941156387329102e-01
4.991428256034851074e-01
1.713822007179260254e+00
4.878882169723510742e-01
5.068458914756774902e-01
1.729846954345703125e+00
5.490792393684387207e-01
4.848981499671936035e-01
1.792911529541015625e+00
5.836538672447204590e-01
4.969317913055419922e-01
1.881567835807800293e+00
5.539236068725585938e-01
4.657689630985260010e-01
1.916818737983703613e+00
6.417146921157836914e-01
4.394749402999877930e-01
1.829675912857055664e+00
6.228024363517761230e-01
5.182222127914428711e-01
1.689734697341918945e+00
4.990493655204772949e-01
5.707439780235290527e-01
1.619194865226745605e+00
5.372633337974548340e-01
5.145235061645507812e-01
1.624171495437622070e+00
5.172005295753479004e-01
5.344877839088439941e-01
1.576348066329956055e+00
6.135336756706237793e-01
5.163527131080627441e-01
1.630410432815551758e+00
7.708973288536071777e-01
4.706346392631530762e-01
1.745935082435607910e+00
6.014968752861022949e-01
4.517889320850372314e-01
1.797659993171691895e+00
5.077401995658874512e-01
4.467175006866455078e-01
1.763624429702758789e+00
6.679744720458984375e-01
5.063940286636352539e-01
1.835384249687194824e+00
4.253502488136291504e-01
4.743496477603912354e-01
1.457702875137329102e+00
7.659406065940856934e-01
5.555443763732910156e-01
1.573994517326354980e+00
6.449077725410461426e-01
7.337556481361389160e-01
1.550852298736572266e+00
6.803706884384155273e-01
5.942258834838867188e-01
1.607622623443603516e+00
6.201435923576354980e-01
6.467666625976562500e-01
1.687237858772277832e+00
6.223530173301696777e-01
5.849786400794982910e-01
1.771278023719787598e+00
6.628054976463317871e-01
5.862935781478881836e-01
1.803210496902465820e+00
6.447643041610717773e-01
5.109120011329650879e-01
1.795620441436767578e+00
6.632312536239624023e-01
5.321838855743408203e-01
1.729677319526672363e+00
6.296155452728271484e-01
5.247061848640441895e-01
1.794386982917785645e+00
6.554462909698486328e-01
4.976645410060882568e-01
1.855287909507751465e+00
6.732534766197204590e-01
5.167628526687622070e-01
1.733200669288635254e+00
5.333127975463867188e-01
6.653497219085693359e-01
1.623419761657714844e+00
5.886600017547607422e-01
5.323976278305053711e-01
1.509698867797851562e+00
5.695669651031494141e-01
5.840582251548767090e-01
1.432400941848754883e+00
6.690226197242736816e-01
6.513719558715820312e-01
1.475079894065856934e+00
7.526912689208984375e-01
6.197209358215332031e-01
1.633689403533935547e+00
7.342416048049926758e-01
5.987877845764160156e-01
1.655815243721008301e+00
6.656878590583801270e-01
5.625865459442138672e-01
1.548030614852905273e+00
6.783024668693542480e-01
7.428895831108093262e-01
1.611966013908386230e+00
6.874853372573852539e-01
4.696115851402282715e-01
1.408705592155456543e+00
6.450042724609375000e-01
4.633803367614746094e-01
1.704635620117187500e+00
6.285690665245056152e-01
4.487710595130920410e-01
1.626467466354370117e+00
4.694263935089111328e-01
4.304486513137817383e-01
1.639298796653747559e+00
3.829903006553649902e-01
4.810584783554077148e-01
1.681338191032409668e+00
5.058647394180297852e-01
4.511429965496063232e-01
1.786262512207031250e+00
4.533819258213043213e-01
4.609006047248840332e-01
1.804703950881958008e+00
6.327708363533020020e-01
4.525435864925384521e-01
1.766346335411071777e+00
5.262174010276794434e-01
4.258520007133483887e-01
1.773705244064331055e+00
6.298974156379699707e-01
4.190233647823333740e-01
1.749867439270019531e+00
5.449427366256713867e-01
3.994265794754028320e-01
1.706430792808532715e+00
5.773114562034606934e-01
3.788233399391174316e-01
1.607603311538696289e+00
6.106517314910888672e-01
4.080472290515899658e-01
1.596696019172668457e+00
4.302609562873840332e-01
4.126787185668945312e-01
1.639470934867858887e+00
4.968419075012207031e-01
3.722833991050720215e-01
1.635348916053771973e+00
6.210224032402038574e-01
3.747160434722900391e-01
1.643750071525573730e+00
5.654854178428649902e-01
4.022454917430877686e-01
1.640803933143615723e+00
4.684927463531494141e-01
3.979151844978332520e-01
1.615570664405822754e+00
5.159193277359008789e-01
4.295604825019836426e-01
1.672475457191467285e+00
4.382218122482299805e-01
4.567622542381286621e-01
1.756241440773010254e+00
3.985155224800109863e-01
4.339204728603363037e-01
4.849871993064880371e-01
3.348084688186645508e-01
4.792686998844146729e-01
3.824307620525360107e-01
5.634256601333618164e-01
3.270803391933441162e-01
6.109541654586791992e-01
3.137400746345520020e-01
5.475227832794189453e-01
3.128532171249389648e-01
5.716120600700378418e-01
3.216431438922882080e-01
6.110552549362182617e-01
3.279389142990112305e-01
6.249070763587951660e-01
3.314733505249023438e-01
5.188079476356506348e-01
3.913544714450836182e-01
5.227611064910888672e-01
2.557335495948791504e-01
5.392975807189941406e-01
4.131896495819091797e-01
3.420737385749816895e-01
4.715225696563720703e-01
4.344390630722045898e-01
3.997737765312194824e-01
5.063690543174743652e-01
3.750764131546020508e-01
4.358088374137878418e-01
3.848868310451507568e-01
4.261934757232666016e-01
3.740813136100769043e-01
3.880626857280731201e-01
3.667922019958496094e-01
4.463375508785247803e-01
4.115145802497863770e-01
3.292055130004882812e-01
4.663089215755462646e-01
4.153565168380737305e-01
3.358522355556488037e-01
5.698099136352539062e-01
3.304991126060485840e-01
3.178232908248901367e-01
3.735218048095703125e-01
4.043846428394317627e-01
5.346564650535583496e-01
5.561567544937133789e-01
3.906872272491455078e-01
5.221627354621887207e-01
2.885554730892181396e-01
5.205762982368469238e-01
2.721158862113952637e-01
4.390610456466674805e-01
3.377974033355712891e-01
4.979351162910461426e-01
6.535737514495849609e-01
4.269581139087677002e-01
4.041141271591186523e-01
3.456582129001617432e-01
2.872784733772277832e-01
5.415549874305725098e-01
3.496319949626922607e-01
3.397785723209381104e-01
3.984116911888122559e-01
4.903634190559387207e-01
5.747972726821899414e-01
6.009320020675659180e-01
3.862812221050262451e-01
3.966136574745178223e-01
2.658984065055847168e-01
4.460720121860504150e-01
3.209734559059143066e-01
3.509558737277984619e-01
3.459789156913757324e-01
5.325456857681274414e-01
5.610267519950866699e-01
4.162639081478118896e-01
3.986795544624328613e-01
4.055814743041992188e-01
3.336752951145172119e-01
4.785728454589843750e-01
3.704326748847961426e-01
2.882760167121887207e-01
4.769580662250518799e-01
5.123277902603149414e-01
3.444319367408752441e-01
5.379368662834167480e-01
2.938003540039062500e-01
3.455762267112731934e-01
2.270863205194473267e-01
3.834977746009826660e-01
2.757198512554168701e-01
4.784467518329620361e-01
3.143286108970642090e-01
4.471427202224731445e-01
3.562210500240325928e-01
3.440236747264862061e-01
4.536875784397125244e-01
4.484551548957824707e-01
3.598061501979827881e-01
5.654827952384948730e-01
4.331434071063995361e-01
3.294617533683776855e-01
7.254621386528015137e-01
4.525521695613861084e-01
4.932963550090789795e-01
4.662996232509613037e-01
3.038171231746673584e-01
4.875678420066833496e-01
2.799276709556579590e-01
5.699802041053771973e-01
3.419493436813354492e-01
4.551452696323394775e-01
3.279651701450347900e-01
4.263181984424591064e-01
3.952101469039916992e-01
3.162348866462707520e-01
5.974189639091491699e-01
4.535256028175354004e-01
4.272114634513854980e-01
4.994530677795410156e-01
2.697626948356628418e-01
4.455508291721343994e-01
5.159372687339782715e-01
4.313640296459197998e-01
3.525531589984893799e-01
3.829080164432525635e-01
3.989159166812896729e-01
3.769873082637786865e-01
3.630529642105102539e-01
3.855717182159423828e-01
3.786590099334716797e-01
4.103558659553527832e-01
4.421443343162536621e-01
4.385451972484588623e-01
3.661241531372070312e-01
4.054324924945831299e-01
4.126012325286865234e-01
5.683463215827941895e-01
3.199769854545593262e-01
3.565710186958312988e-01
2.951261103153228760e-01
3.039101362228393555e-01
4.101295471191406250e-01
2.428639233112335205e-01
3.814309835433959961e-01
3.380675017833709717e-01
3.761263489723205566e-01
3.398697078227996826e-01
2.012356519699096680e-01
4.389410316944122314e-01
3.979372382164001465e-01
4.167781174182891846e-01
5.808026194572448730e-01
2.754647135734558105e-01
1.377992033958435059e+00
3.730626702308654785e-01
7.548354268074035645e-01
4.250078201293945312e-01
3.088386654853820801e-01
3.317197561264038086e-01
2.819204628467559814e-01
3.086155652999877930e-01
3.006676435470581055e-01
3.082545399665832520e-01
2.677684128284454346e-01
3.319722115993499756e-01
2.630051374435424805e-01
3.694140911102294922e-01
2.608607411384582520e-01
1.012402698397636414e-01
2.929186522960662842e-01
4.878695011138916016e-01
2.074217200279235840e-01
2.376473844051361084e-01
3.982986807823181152e-01
